0 info it worked if it ends with ok
1 verbose cli [ '/usr/local/bin/node', '/usr/local/bin/npm', 'publish' ]
2 info using npm@3.3.12
3 info using node@v5.2.0
4 verbose publish [ '.' ]
5 silly cache add args [ '.', null ]
6 verbose cache add spec .
7 silly cache add parsed spec Result {
7 silly cache add   raw: '.',
7 silly cache add   scope: null,
7 silly cache add   name: null,
7 silly cache add   rawSpec: '.',
7 silly cache add   spec: '/Users/garyjohnson/Documents/development/syntaxa/absinthe',
7 silly cache add   type: 'directory' }
8 verbose addLocalDirectory /Users/garyjohnson/.npm/@syntaxa/absinthe/1.23.0/package.tgz not in flight; packing
9 info lifecycle @syntaxa/absinthe@1.23.0~prepublish: @syntaxa/absinthe@1.23.0
10 verbose lifecycle @syntaxa/absinthe@1.23.0~prepublish: unsafe-perm in lifecycle true
11 verbose lifecycle @syntaxa/absinthe@1.23.0~prepublish: PATH: /usr/local/lib/node_modules/npm/bin/node-gyp-bin:/Users/garyjohnson/Documents/development/syntaxa/absinthe/node_modules/.bin:/Users/garyjohnson/.rvm/gems/ruby-2.3.0/bin:/Users/garyjohnson/.rvm/gems/ruby-2.3.0@global/bin:/Users/garyjohnson/.rvm/rubies/ruby-2.3.0/bin:/opt/local/bin:/opt/local/sbin:/usr/local/bin:/platform-tools:/tools:/usr/bin:/bin:/usr/sbin:/sbin:/usr/local/bin:/usr/local/mysql/bin:/opt/local/bin:/opt/local/sbin:/tmp/:~/android-sdks/platform-tools/:/tools:~/.bin:/usr/local/MacGPG2/bin:/Library/TeX/texbin:/Library/Frameworks/JRuby.framework/Versions/Current/bin:/etc/:/Users/garyjohnson/.rvm/bin:/Users/garyjohnson/.local/lib/aws/bin/:/usr/local/bin/:/Users/garyjohnson/.bin/ssh-login-scripts/:/usr/local/mongodb/:/usr/local/bin/maven/bin/:/usr/local/bin/terraform/
12 verbose lifecycle @syntaxa/absinthe@1.23.0~prepublish: CWD: /Users/garyjohnson/Documents/development/syntaxa/absinthe
13 silly lifecycle @syntaxa/absinthe@1.23.0~prepublish: Args: [ '-c',
13 silly lifecycle   'git add . && git commit -m \'Publishing...\' && npm version minor && npm run build && git add . && git commit -m \'Bumping version for publish...\'' ]
14 silly lifecycle @syntaxa/absinthe@1.23.0~prepublish: Returned: code: 1  signal: null
15 info lifecycle @syntaxa/absinthe@1.23.0~prepublish: Failed to exec prepublish script
16 error addLocal Could not install /Users/garyjohnson/Documents/development/syntaxa/absinthe
17 verbose stack Error: @syntaxa/absinthe@1.23.0 prepublish: `git add . && git commit -m 'Publishing...' && npm version minor && npm run build && git add . && git commit -m 'Bumping version for publish...'`
17 verbose stack Exit status 1
17 verbose stack     at EventEmitter.<anonymous> (/usr/local/lib/node_modules/npm/lib/utils/lifecycle.js:232:16)
17 verbose stack     at emitTwo (events.js:88:13)
17 verbose stack     at EventEmitter.emit (events.js:173:7)
17 verbose stack     at ChildProcess.<anonymous> (/usr/local/lib/node_modules/npm/lib/utils/spawn.js:24:14)
17 verbose stack     at emitTwo (events.js:88:13)
17 verbose stack     at ChildProcess.emit (events.js:173:7)
17 verbose stack     at maybeClose (internal/child_process.js:819:16)
17 verbose stack     at Process.ChildProcess._handle.onexit (internal/child_process.js:212:5)
18 verbose pkgid @syntaxa/absinthe@1.23.0
19 verbose cwd /Users/garyjohnson/Documents/development/syntaxa/absinthe
20 error Darwin 15.6.0
21 error argv "/usr/local/bin/node" "/usr/local/bin/npm" "publish"
22 error node v5.2.0
23 error npm  v3.3.12
24 error code ELIFECYCLE
25 error @syntaxa/absinthe@1.23.0 prepublish: `git add . && git commit -m 'Publishing...' && npm version minor && npm run build && git add . && git commit -m 'Bumping version for publish...'`
25 error Exit status 1
26 error Failed at the @syntaxa/absinthe@1.23.0 prepublish script 'git add . && git commit -m 'Publishing...' && npm version minor && npm run build && git add . && git commit -m 'Bumping version for publish...''.
26 error Make sure you have the latest version of node.js and npm installed.
26 error If you do, this is most likely a problem with the @syntaxa/absinthe package,
26 error not with npm itself.
26 error Tell the author that this fails on your system:
26 error     git add . && git commit -m 'Publishing...' && npm version minor && npm run build && git add . && git commit -m 'Bumping version for publish...'
26 error You can get their info via:
26 error     npm owner ls @syntaxa/absinthe
26 error There is likely additional logging output above.
27 verbose exit [ 1, true ]
